warning: unused import: `update_command_from_fixture_selection`
  --> src/ui/mod.rs:18:43
   |
18 | ...l, update_command_from_fixture_selection};
   |       ^^^^^^^^^^^^^^^^^^^^^^^^^^^^^^^^^^^^^
   |
   = note: `#[warn(unused_imports)]` (part of `#[warn(unused)]`) on by default

warning: variable `success_count` is assigned to, but never used
   --> src/command.rs:334:17
    |
334 |             let mut success_count = 0;
    |                 ^^^^^^^^^^^^^^^^^
    |
    = note: consider using `_success_count` instead
    = note: `#[warn(unused_variables)]` (part of `#[warn(unused)]`) on by default

warning: value assigned to `success_count` is never read
   --> src/command.rs:371:37
    |
371 | ...   success_count += 1;
    |       ^^^^^^^^^^^^^^^^^^
    |
    = help: maybe it is overwritten before being read?
    = note: `#[warn(unused_assignments)]` (part of `#[warn(unused)]`) on by default

warning: value assigned to `success_count` is never read
   --> src/command.rs:356:41
    |
356 | ...   success_count += 1;
    |       ^^^^^^^^^^^^^^^^^^
    |
    = help: maybe it is overwritten before being read?

warning: method `single_selected` is never used
  --> src/app.rs:62:12
   |
60 | impl MagicSheetState {
   | -------------------- method in this implementation
61 |     /// Return the single selected ID ...
62 |     pub fn single_selected(&self) -> O...
   |            ^^^^^^^^^^^^^^^
   |
   = note: `#[warn(dead_code)]` (part of `#[warn(unused)]`) on by default

warning: field `media` is never read
   --> src/app.rs:205:9
    |
199 | pub struct EasyCueApp {
    |            ---------- field in this struct
...
205 |     pub media: MediaManager,
    |         ^^^^^

warning: methods `go_lighting`, `go_back_lighting`, `go_audio`, and `go_back_audio` are never used
   --> src/app.rs:791:12
    |
249 | impl EasyCueApp {
    | --------------- methods in this implementation
...
791 |     pub fn go_lighting(&mut self) -> ...
    |            ^^^^^^^^^^^
...
804 |     pub fn go_back_lighting(&mut self...
    |            ^^^^^^^^^^^^^^^^
...
818 |     pub fn go_audio(&mut self) -> bool {
    |            ^^^^^^^^
...
832 |     pub fn go_back_audio(&mut self) -...
    |            ^^^^^^^^^^^^^

warning: function `set_fixture_intensity` is never used
   --> src/ui/magic_sheet.rs:864:4
    |
864 | fn set_fixture_intensity(app: &mut Ea...
    |    ^^^^^^^^^^^^^^^^^^^^^

warning: fields `label` and `profile_name` are never read
   --> src/ui/properties.rs:895:9
    |
893 |     struct FxInfo {
    |            ------ fields in this struct
894 |         id: usize,
895 |         label: String,
    |         ^^^^^
896 |         profile_name: String,
    |         ^^^^^^^^^^^^

warning: methods `is_user_profile`, `profiles`, and `find_patch_at_channel` are never used
   --> src/fixtures/mod.rs:154:12
    |
 27 | impl FixtureLibrary {
    | ------------------- methods in this implementation
...
154 |     pub fn is_user_profile(&self, id:...
    |            ^^^^^^^^^^^^^^^
...
211 |     pub fn profiles(&self) -> &HashMa...
    |            ^^^^^^^^
...
309 |     pub fn find_patch_at_channel(&sel...
    |            ^^^^^^^^^^^^^^^^^^^^^

warning: method `get_channel_for_offset` is never used
  --> src/fixtures/patching.rs:57:12
   |
32 | impl Patch {
   | ---------- method in this implementation
...
57 |     pub fn get_channel_for_offset(&sel...
   |            ^^^^^^^^^^^^^^^^^^^^^^

warning: method `is_empty` is never used
   --> src/fixtures/patching.rs:269:12
    |
 69 | impl PatchList {
    | -------------- method in this implementation
...
269 |     pub fn is_empty(&self) -> bool {
    |            ^^^^^^^^

warning: methods `is_beam` and `is_position` are never used
  --> src/fixtures/profiles.rs:68:12
   |
53 | impl FixtureParameter {
   | --------------------- methods in this implementation
...
68 |     pub fn is_beam(&self) -> bool {
   |            ^^^^^^^
...
79 |     pub fn is_position(&self) -> bool {
   |            ^^^^^^^^^^^

warning: method `apply_to_universe` is never used
   --> src/fixtures/intensity.rs:178:12
    |
 33 | impl VirtualIntensity {
    | --------------------- method in this implementation
...
178 |     pub fn apply_to_universe(
    |            ^^^^^^^^^^^^^^^^^

warning: variant `Sound` is never constructed
  --> src/command.rs:19:5
   |
15 | pub enum CommandContext {
   |          -------------- variant in this enum
...
19 |     Sound,
   |     ^^^^^
   |
   = note: `CommandContext` has derived impls for the traits `Clone` and `Debug`, but these are intentionally ignored during dead code analysis

warning: variant `Invalid` is never constructed
  --> src/command.rs:38:5
   |
24 | pub enum Command {
   |          ------- variant in this enum
...
38 |     Invalid(String),
   |     ^^^^^^^
   |
   = note: `Command` has derived impls for the traits `Clone` and `Debug`, but these are intentionally ignored during dead code analysis

warning: function `parse_lighting_command` is never used
  --> src/command.rs:54:8
   |
54 | pub fn parse_lighting_command(input: &...
   |        ^^^^^^^^^^^^^^^^^^^^^^

warning: `easycue3` (bin "easycue3") generated 17 warnings (run `cargo fix --bin "easycue3" -p easycue3` to apply 1 suggestion)
    Finished `release` profile [optimized] target(s) in 0.18s
     Running `target/release/easycue3`
[2026-05-08T18:05:59Z INFO  easycue3] Starting EasyCue3... pid=6452
[2026-05-08T18:05:59Z INFO  easycue3] [startup] Icon load phase completed in 4.98ms
[2026-05-08T18:05:59Z INFO  easycue3] [startup] Native window configured in 0.00ms
[2026-05-08T18:05:59Z INFO  easycue3] [startup] Entering eframe::run_native at 5.60ms
[2026-05-08T18:05:59Z DEBUG eframe] Using the glow renderer
[2026-05-08T18:05:59Z DEBUG eframe::native::glow_integration] Event::Resumed
[2026-05-08T18:05:59Z DEBUG eframe::native::file_storage] Loading app state from "/Users/admin1/Library/Application Support/EasyCue3/app.ron"…
[2026-05-08T18:05:59Z WARN  eframe::native::file_storage] Failed to parse RON: 1:1: Expected opening `{`
[2026-05-08T18:05:59Z DEBUG eframe::native::glow_integration] trying to create glutin Display with config: ConfigTemplateBuilder { template: ConfigTemplate { color_buffer_type: Rgb { r_size: 8, g_size: 8, b_size: 8 }, alpha_size: 8, depth_size: 0, stencil_size: 0, num_samples: None, min_swap_interval: None, max_swap_interval: None, config_surface_types: ConfigSurfaceTypes(WINDOW), api: None, transparency: false, single_buffering: false, stereoscopy: None, float_pixels: false, max_pbuffer_width: None, hardware_accelerated: None, max_pbuffer_height: None, native_window: None } }
[2026-05-08T18:05:59Z DEBUG eframe::native::glow_integration] using the first config from config picker closure. config: Cgl(Config { inner: Config { id: <NSOpenGLPixelFormat: 0x130846e90> } })
[2026-05-08T18:05:59Z DEBUG eframe::native::glow_integration] successfully created GL Display with version: Apple CGL and supported features: DisplayFeatures(FLOAT_PIXEL_FORMAT | SWAP_CONTROL | MULTISAMPLING_PIXEL_FORMATS | SRGB_FRAMEBUFFERS)
[2026-05-08T18:05:59Z DEBUG eframe::native::glow_integration] creating gl context using raw window handle: Some(AppKit(AppKitWindowHandle { ns_view: 0x11ff4ce00 }))
[2026-05-08T18:05:59Z DEBUG eframe::native::glow_integration] Initializing egui_winit for viewport "FFFF"
[2026-05-08T18:05:59Z DEBUG eframe::native::glow_integration] Creating a gl_surface for viewport "FFFF"
[2026-05-08T18:05:59Z DEBUG egui_glow::painter] 
    opengl version: 4.1 Metal - 89.4
    opengl renderer: Apple M1
    opengl vendor: Apple
[2026-05-08T18:05:59Z DEBUG egui_glow::shader_version] Shader version: Gl140 ("4.10").
[2026-05-08T18:05:59Z DEBUG egui_glow::painter] Shader header: "#version 140\n".
[2026-05-08T18:05:59Z DEBUG egui_glow::painter] SRGB texture Support: true
[2026-05-08T18:05:59Z DEBUG egui_glow::painter] SRGB framebuffer Support: false
[2026-05-08T18:05:59Z DEBUG egui_glow::vao] GL version: "4.1 Metal - 89.4".
[2026-05-08T18:05:59Z INFO  easycue3::app] [startup] EasyCueApp::new begin
[2026-05-08T18:05:59Z INFO  easycue3::app] Applied cobalt dark theme
[2026-05-08T18:05:59Z INFO  easycue3::app] [startup] Theme configured in 0.05ms
[2026-05-08T18:05:59Z INFO  easycue3::app] [startup] Fonts configured in 0.05ms
[2026-05-08T18:05:59Z INFO  easycue3::app] [startup] Universes created in 0.00ms
[2026-05-08T18:05:59Z INFO  easycue3::app] [startup][dmx] Waiting up to 3s for USB scan thread
[2026-05-08T18:05:59Z INFO  easycue3::app] [startup][dmx] USB scan thread started
[2026-05-08T18:05:59Z INFO  easycue3::app] [startup][dmx] USB port enumeration completed in 0.95ms (2 ports)
[2026-05-08T18:05:59Z INFO  easycue3::app] [startup][dmx] Attempting Enttec open on /dev/cu.debug-console
[2026-05-08T18:05:59Z INFO  easycue3::dmx::backends::enttec_usb_pro] Enttec DMXUSB Pro initialized on /dev/cu.debug-console at 250000 baud
[2026-05-08T18:05:59Z INFO  easycue3::app] [startup][dmx] Enttec open succeeded in 0.31ms
[2026-05-08T18:05:59Z INFO  easycue3::app] [startup][dmx] USB scan thread finished in 1.27ms
[2026-05-08T18:05:59Z INFO  easycue3::app] [startup][dmx] Connected to Enttec DMXUSB Pro after 1.32ms: Enttec DMXUSB Pro (/dev/cu.debug-console)
[2026-05-08T18:05:59Z INFO  easycue3::app] [startup] DMX backend selected in 1.35ms
[2026-05-08T18:05:59Z INFO  easycue3::app] EasyCue3 application initialized
[2026-05-08T18:05:59Z INFO  easycue3::app] DMX Backend: Enttec DMXUSB Pro (/dev/cu.debug-console)
[2026-05-08T18:05:59Z INFO  easycue3::dmx::backends::enttec_usb_pro] DMX output thread started for /dev/cu.debug-console
[2026-05-08T18:05:59Z INFO  easycue3::app] [startup] Dock layout restored in 0.08ms
[2026-05-08T18:05:59Z INFO  easycue3::app] [startup][audio] Initializing audio subsystem
[2026-05-08T18:05:59Z INFO  easycue3::audio::player] Audio player initialized with default output device
[2026-05-08T18:05:59Z INFO  easycue3::app] [startup][audio] Audio subsystem initialized in 81.29ms
[2026-05-08T18:05:59Z INFO  easycue3::media] Media manager initialized
[2026-05-08T18:05:59Z INFO  easycue3::fixtures] Loaded bundled profile 'irgba' from "irgba.json"
[2026-05-08T18:05:59Z INFO  easycue3::fixtures] Loaded bundled profile 'rgba' from "rgba.json"
[2026-05-08T18:05:59Z INFO  easycue3::fixtures] Loaded bundled profile 'generic_dimmer' from "dimmer.json"
[2026-05-08T18:05:59Z INFO  easycue3::fixtures] Loaded bundled profile 'rgbawuvs' from "rgbawuvs.json"
[2026-05-08T18:05:59Z INFO  easycue3::fixtures] Loaded bundled profile 'rgbawuv' from "rgbawuv.json"
[2026-05-08T18:05:59Z INFO  easycue3::fixtures] Loaded bundled profile 'irgbawuvs' from "irgbawuvs.json"
[2026-05-08T18:05:59Z INFO  easycue3::fixtures] Loaded bundled profile 'rgb' from "rgb.json"
[2026-05-08T18:05:59Z INFO  easycue3::fixtures] Loaded bundled profile 'rgbaw' from "rgbaw.json"
[2026-05-08T18:05:59Z INFO  easycue3::fixtures] Loaded bundled profile 'irgb' from "irgb.json"
[2026-05-08T18:05:59Z INFO  easycue3::fixtures] Loaded bundled profile 'irgbawuv' from "irgbawuv.json"
[2026-05-08T18:05:59Z INFO  easycue3::fixtures] Loaded bundled profile 'irgbaw' from "irgbaw.json"
[2026-05-08T18:05:59Z INFO  easycue3::fixtures] Loaded bundled profile 'led_par' from "led_par.json"
[2026-05-08T18:05:59Z INFO  easycue3::fixtures] Loaded bundled profile 'rgbw' from "rgbw.json"
[2026-05-08T18:05:59Z INFO  easycue3::fixtures] Loaded bundled profile 'moving_head' from "moving_head.json"
[2026-05-08T18:05:59Z INFO  easycue3::fixtures] Loaded bundled profile 'irgbw' from "irgbw.json"
[2026-05-08T18:05:59Z INFO  easycue3::fixtures] Loaded 15 bundled profiles from "/Users/admin1/Documents/programing/easycue3/fixture_profiles"
[2026-05-08T18:05:59Z INFO  easycue3::fixtures] Loaded user profile 'my_custom' from "my_custom.json"
[2026-05-08T18:05:59Z INFO  easycue3::fixtures] Loaded 1 user profiles from "/Users/admin1/Library/Application Support/easycue3/fixture_profiles"
[2026-05-08T18:05:59Z INFO  easycue3::fixtures] Fixture library initialized with 16 profiles
[2026-05-08T18:05:59Z INFO  easycue3::app] [show][load] Begin loading /Users/admin1/Documents/programing/easycue3/shows/default_show.json
[2026-05-08T18:05:59Z INFO  easycue3::show] Loaded show from "/Users/admin1/Documents/programing/easycue3/shows/default_show.json"
[2026-05-08T18:05:59Z INFO  easycue3::fixtures::patching] Patched fixture #1 at address 1-1
[2026-05-08T18:05:59Z DEBUG easycue3::app] Loaded patch: FOH 1 (generic_dimmer) at 1
[2026-05-08T18:05:59Z INFO  easycue3::fixtures::patching] Patched fixture #2 at address 2-2
[2026-05-08T18:05:59Z DEBUG easycue3::app] Loaded patch: FOH 2 (generic_dimmer) at 2
[2026-05-08T18:05:59Z INFO  easycue3::fixtures::patching] Patched fixture #3 at address 3-3
[2026-05-08T18:05:59Z DEBUG easycue3::app] Loaded patch: FOH 3 (generic_dimmer) at 3
[2026-05-08T18:05:59Z INFO  easycue3::fixtures::patching] Patched fixture #4 at address 4-4
[2026-05-08T18:05:59Z DEBUG easycue3::app] Loaded patch: FOH 4 (generic_dimmer) at 4
[2026-05-08T18:05:59Z INFO  easycue3::fixtures::patching] Patched fixture #5 at address 5-5
[2026-05-08T18:05:59Z DEBUG easycue3::app] Loaded patch: FOH 5 (generic_dimmer) at 5
[2026-05-08T18:05:59Z INFO  easycue3::fixtures::patching] Patched fixture #6 at address 20-27
[2026-05-08T18:05:59Z DEBUG easycue3::app] Loaded patch: Top 1 (irgbawuvs) at 20
[2026-05-08T18:05:59Z INFO  easycue3::fixtures::patching] Patched fixture #7 at address 28-35
[2026-05-08T18:05:59Z DEBUG easycue3::app] Loaded patch: Top 2 (irgbawuvs) at 28
[2026-05-08T18:05:59Z INFO  easycue3::fixtures::patching] Patched fixture #8 at address 36-43
[2026-05-08T18:05:59Z DEBUG easycue3::app] Loaded patch: Top 3 (irgbawuvs) at 36
[2026-05-08T18:05:59Z INFO  easycue3::fixtures::patching] Patched fixture #9 at address 44-51
[2026-05-08T18:05:59Z DEBUG easycue3::app] Loaded patch: Top 4 (irgbawuvs) at 44
[2026-05-08T18:05:59Z INFO  easycue3::fixtures::patching] Patched fixture #10 at address 52-59
[2026-05-08T18:05:59Z DEBUG easycue3::app] Loaded patch: Top 5 (irgbawuvs) at 52
[2026-05-08T18:05:59Z INFO  easycue3::fixtures::patching] Patched fixture #11 at address 100-102
[2026-05-08T18:05:59Z DEBUG easycue3::app] Loaded patch: Cyc 1 (rgb) at 100
[2026-05-08T18:05:59Z INFO  easycue3::fixtures::patching] Patched fixture #12 at address 103-105
[2026-05-08T18:05:59Z DEBUG easycue3::app] Loaded patch: Cyc 2 (rgb) at 103
[2026-05-08T18:05:59Z INFO  easycue3::fixtures::patching] Patched fixture #13 at address 106-108
[2026-05-08T18:05:59Z DEBUG easycue3::app] Loaded patch: Cyc 3 (rgb) at 106
[2026-05-08T18:05:59Z INFO  easycue3::app] [show][load] Loaded show: Example Show (8 cues, 13 fixtures) in 0.38ms
[2026-05-08T18:05:59Z INFO  easycue3::app] Loaded default show on startup
[2026-05-08T18:05:59Z INFO  easycue3::app] [startup] Startup show load phase completed in 0.40ms
[2026-05-08T18:05:59Z INFO  easycue3::app] [startup] EasyCueApp::new finished in 84.01ms
[2026-05-08T18:05:59Z INFO  easycue3::app] Applied cobalt dark theme
[2026-05-08T18:05:59Z INFO  easycue3::app] Theme reapplied in update()
[2026-05-08T18:06:03Z DEBUG eframe::native::glow_integration] Received WindowEvent::Destroyed for viewport Some("FFFF")
[2026-05-08T18:06:03Z DEBUG eframe::native::run] Asking to exit event loop…
[2026-05-08T18:06:03Z DEBUG eframe::native::run] Received Event::LoopExiting - saving app state…
[2026-05-08T18:06:03Z INFO  easycue3::app] Saved UI layout
[2026-05-08T18:06:03Z WARN  easycue3::app] [shutdown] on_exit invoked; beginning shutdown sequence
[2026-05-08T18:06:03Z DEBUG easycue3::audio::playback] Audio: all streams stopped
[2026-05-08T18:06:03Z INFO  easycue3::app] [shutdown] audio_playback.stop_all completed in 0.00ms
[2026-05-08T18:06:03Z INFO  easycue3::dmx::backends::enttec_usb_pro] Closing Enttec DMXUSB Pro on Enttec DMXUSB Pro (/dev/cu.debug-console) (connected=true)
[2026-05-08T18:06:03Z INFO  easycue3::app] [shutdown] dmx_backend.close completed in 0.00ms
[2026-05-08T18:06:03Z WARN  easycue3::app] [shutdown] Forcing process exit after 0.02ms total shutdown work
